Arguments: 
  /usr/local/bin/node /usr/share/yarn/bin/yarn.js start

PATH: 
  /home/conlloc/btcbuy/venv/bin:/home/conlloc/anaconda3/bin:/home/conlloc/bin:/home/conlloc/.local/bin:/usr/local/sbin:/usr/local/bin:/usr/sbin:/usr/bin:/sbin:/bin:/usr/games:/usr/local/games:/snap/bin:/usr/lib/jvm/java-8-oracle/bin:/usr/lib/jvm/java-8-oracle/db/bin:/usr/lib/jvm/java-8-oracle/jre/bin:/home/conlloc/Android/Sdk/tools:/home/conlloc/Android/Sdk/platform-tools:/home/conlloc/.rvm/bin:/home/conlloc/Android/Sdk/tools:/home/conlloc/Android/Sdk/platform-tools:/home/conlloc/.rvm/bin

Yarn version: 
  1.5.1

Node version: 
  9.2.1

Platform: 
  linux x64

npm manifest: 
  No manifest

yarn manifest: 
  No manifest

Lockfile: 
  No lockfile

Trace: 
  Error: Couldn't find a package.json file in "/home/conlloc/btcbuy/btcbuyer"
      at new MessageError (/usr/share/yarn/lib/cli.js:186:110)
      at /usr/share/yarn/lib/cli.js:40048:15
      at Generator.next (<anonymous>)
      at step (/usr/share/yarn/lib/cli.js:98:30)
      at /usr/share/yarn/lib/cli.js:109:13
      at <anonymous>
